2022-10-19 12:48:08,879 [INFO] Activator:177 - 


2022-10-19 12:48:08,879 [INFO] Activator:178 - !SESSION log4j initialized
2022-10-19 12:48:20,439 [ERROR] ApiDbMcu:1619 - Can't use Application install path:
2022-10-19 12:48:22,519 [WARN] RulesReader:63 - Compatibility file://mcu/compatibility.xml not found
2022-10-19 12:48:30,929 [ERROR] LogOutputStream:74 - [STDERR_REDIRECT] SLF4J: Failed to load class "org.slf4j.impl.StaticLoggerBinder".
2022-10-19 12:48:30,939 [ERROR] LogOutputStream:74 - [STDERR_REDIRECT] SLF4J: Defaulting to no-operation (NOP) logger implementation
2022-10-19 12:48:30,939 [ERROR] LogOutputStream:74 - [STDERR_REDIRECT] SLF4J: See http://www.slf4j.org/codes.html#StaticLoggerBinder for further details.
2022-10-19 12:49:06,909 [INFO] McuFinderGlobals:44 - Set McuFinder mode to 2 (CubeIDE integrated)
2022-10-19 12:49:07,089 [INFO] ApplicationProperties:181 - Using Application install path: C:\ST\STM32CubeIDE_1.10.1\STM32CubeIDE\plugins\com.st.stm32cube.common.mx_6.6.1.202207061420
2022-10-19 12:49:07,089 [INFO] DbMcusXml:77 - Set database path to: C:\ST\STM32CubeIDE_1.10.1\STM32CubeIDE\plugins\com.st.stm32cube.common.mx_6.6.1.202207061420\\db\/mcu/
2022-10-19 12:49:07,099 [INFO] ApiDb:269 - Set plugin database path to: C:\ST\STM32CubeIDE_1.10.1\STM32CubeIDE\plugins\com.st.stm32cube.common.mx_6.6.1.202207061420\\db\/plugins/boardmanager/
2022-10-19 12:49:07,099 [WARN] ApiDb:254 - Overriding images path with different value:  => C:\ST\STM32CubeIDE_1.10.1\STM32CubeIDE\plugins\com.st.stm32cube.common.mx_6.6.1.202207061420\\db\/plugins/mcufinder/images/
2022-10-19 12:49:07,109 [INFO] ApiDb:249 - Set database path to: C:\Users\gal65\.stmcufinder\plugins\mcufinder//mcu/
2022-10-19 12:49:07,109 [INFO] DbMcusAds:124 - Set database path to: C:\Users\gal65\.stmcufinder\plugins\mcufinder//mcu/
2022-10-19 12:49:07,109 [INFO] CrossReferenceDbSqlite:201 - Set database path to: C:\Users\gal65\.stmcufinder\plugins\mcufinder//mcu/cs/
2022-10-19 12:49:07,199 [INFO] DbMcusXml:77 - Set database path to: C:\ST\STM32CubeIDE_1.10.1\STM32CubeIDE\plugins\com.st.stm32cube.common.mx_6.6.1.202207061420\\db\/mcu/
2022-10-19 12:49:07,199 [INFO] ApiDb:269 - Set plugin database path to: C:\ST\STM32CubeIDE_1.10.1\STM32CubeIDE\plugins\com.st.stm32cube.common.mx_6.6.1.202207061420\\db\/plugins/boardmanager/
2022-10-19 12:49:07,199 [INFO] ApiDb:256 - Set plugin images path to: C:\ST\STM32CubeIDE_1.10.1\STM32CubeIDE\plugins\com.st.stm32cube.common.mx_6.6.1.202207061420\\db\/plugins/mcufinder/images/
2022-10-19 12:49:07,199 [WARN] DbFile:40 - Overriding database path with different value: C:\Users\gal65\.stmcufinder\plugins\mcufinder/ => C:\Users\gal65\.stmcufinder\plugins\mcufinder
2022-10-19 12:49:07,199 [INFO] ApiDb:249 - Set database path to: C:\Users\gal65\.stmcufinder\plugins\mcufinder//mcu/
2022-10-19 12:49:07,199 [WARN] DbFile:40 - Overriding database path with different value: C:\Users\gal65\.stmcufinder\plugins\mcufinder/ => C:\Users\gal65\.stmcufinder\plugins\mcufinder
2022-10-19 12:49:07,209 [INFO] DbMcusAds:124 - Set database path to: C:\Users\gal65\.stmcufinder\plugins\mcufinder//mcu/
2022-10-19 12:49:07,209 [WARN] DbFile:40 - Overriding database path with different value: C:\Users\gal65\.stmcufinder\plugins\mcufinder/ => C:\Users\gal65\.stmcufinder\plugins\mcufinder
2022-10-19 12:49:07,209 [WARN] DbFile:40 - Overriding database path with different value: C:\Users\gal65\.stmcufinder\plugins\mcufinder/ => C:\Users\gal65\.stmcufinder\plugins\mcufinder
2022-10-19 12:49:07,209 [INFO] CrossReferenceDbSqlite:201 - Set database path to: C:\Users\gal65\.stmcufinder\plugins\mcufinder//mcu/cs/
2022-10-19 12:49:07,249 [INFO] MainPanel:242 - HeapMemory: 268435456
2022-10-19 12:49:07,299 [INFO] DbMcusXml:77 - Set database path to: C:\ST\STM32CubeIDE_1.10.1\STM32CubeIDE\plugins\com.st.stm32cube.common.mx_6.6.1.202207061420\\db\/mcu/
2022-10-19 12:49:07,329 [INFO] ApiDb:269 - Set plugin database path to: C:\ST\STM32CubeIDE_1.10.1\STM32CubeIDE\plugins\com.st.stm32cube.common.mx_6.6.1.202207061420\\db\/plugins/boardmanager/
2022-10-19 12:49:07,329 [INFO] ApiDb:256 - Set plugin images path to: C:\ST\STM32CubeIDE_1.10.1\STM32CubeIDE\plugins\com.st.stm32cube.common.mx_6.6.1.202207061420\\db\/plugins/mcufinder/images/
2022-10-19 12:49:07,329 [WARN] DbFile:40 - Overriding database path with different value: C:\Users\gal65\.stmcufinder\plugins\mcufinder/ => C:\Users\gal65\.stmcufinder\plugins\mcufinder
2022-10-19 12:49:07,329 [INFO] ApiDb:249 - Set database path to: C:\Users\gal65\.stmcufinder\plugins\mcufinder//mcu/
2022-10-19 12:49:07,329 [WARN] DbFile:40 - Overriding database path with different value: C:\Users\gal65\.stmcufinder\plugins\mcufinder/ => C:\Users\gal65\.stmcufinder\plugins\mcufinder
2022-10-19 12:49:07,329 [INFO] DbMcusAds:124 - Set database path to: C:\Users\gal65\.stmcufinder\plugins\mcufinder//mcu/
2022-10-19 12:49:07,329 [WARN] DbFile:40 - Overriding database path with different value: C:\Users\gal65\.stmcufinder\plugins\mcufinder/ => C:\Users\gal65\.stmcufinder\plugins\mcufinder
2022-10-19 12:49:07,329 [WARN] DbFile:40 - Overriding database path with different value: C:\Users\gal65\.stmcufinder\plugins\mcufinder/ => C:\Users\gal65\.stmcufinder\plugins\mcufinder
2022-10-19 12:49:07,329 [INFO] CrossReferenceDbSqlite:201 - Set database path to: C:\Users\gal65\.stmcufinder\plugins\mcufinder//mcu/cs/
2022-10-19 12:49:07,342 [INFO] ApplicationProperties:181 - Using Application install path: C:\ST\STM32CubeIDE_1.10.1\STM32CubeIDE\plugins\com.st.stm32cube.common.mx_6.6.1.202207061420
2022-10-19 12:49:07,342 [INFO] PluginManage:193 - Search for loadable plugins [exclusion list=, ]
2022-10-19 12:49:07,349 [INFO] PluginManage:307 - Check plugin analytics
2022-10-19 12:49:07,459 [INFO] AnalyticsPlugin:262 - Accepted Software Licenses: 
2022-10-19 12:49:07,459 [INFO] AnalyticsPlugin:264 - Accepted CMSIS Pack Licenses: 
2022-10-19 12:49:07,459 [INFO] AnalyticsPlugin:266 - Accepted Firmware Licenses: 
2022-10-19 12:49:07,469 [INFO] PluginManage:356 - Loaded plugin analytics (category:tool,tabindex:-1)
2022-10-19 12:49:07,469 [INFO] PluginManage:307 - Check plugin cadmodel
2022-10-19 12:49:07,469 [INFO] CADModel:65 - Init CAD model plugin
2022-10-19 12:49:07,469 [INFO] PluginManage:356 - Loaded plugin cadmodel (category:power,tabindex:5)
2022-10-19 12:49:07,469 [INFO] PluginManage:307 - Check plugin clock
2022-10-19 12:49:07,479 [INFO] PluginManage:356 - Loaded plugin clock (category:base,tabindex:2)
2022-10-19 12:49:07,479 [INFO] PluginManage:307 - Check plugin ddr
2022-10-19 12:49:07,479 [INFO] PluginManage:356 - Loaded plugin ddr (category:tool,tabindex:6)
2022-10-19 12:49:07,479 [INFO] PluginManage:307 - Check plugin filemanager
2022-10-19 12:49:07,569 [INFO] PluginManage:356 - Loaded plugin filemanager (category:base,tabindex:10)
2022-10-19 12:49:07,569 [INFO] PluginManage:307 - Check plugin ipmanager
2022-10-19 12:49:07,579 [INFO] PluginManage:356 - Loaded plugin ipmanager (category:base,tabindex:5)
2022-10-19 12:49:07,579 [INFO] PluginManage:307 - Check plugin lpbam
2022-10-19 12:49:07,589 [INFO] PluginManage:356 - Loaded plugin lpbam (category:base,tabindex:0)
2022-10-19 12:49:07,589 [INFO] PluginManage:307 - Check plugin pinoutandconfiguration
2022-10-19 12:49:07,589 [INFO] PluginManage:356 - Loaded plugin pinoutandconfiguration (category:base,tabindex:1)
2022-10-19 12:49:07,589 [INFO] PluginManage:307 - Check plugin pinoutconfig
2022-10-19 12:49:07,609 [INFO] PluginManage:356 - Loaded plugin pinoutconfig (category:base,tabindex:0)
2022-10-19 12:49:07,609 [INFO] PluginManage:307 - Check plugin power
2022-10-19 12:49:07,619 [INFO] PluginManage:356 - Loaded plugin power (category:power,tabindex:4)
2022-10-19 12:49:07,619 [INFO] PluginManage:307 - Check plugin projectmanager
2022-10-19 12:49:07,629 [INFO] PluginManage:356 - Loaded plugin projectmanager (category:projectmanager,tabindex:3)
2022-10-19 12:49:07,629 [INFO] PluginManage:307 - Check plugin thirdparty
2022-10-19 12:49:07,699 [INFO] PluginManage:356 - Loaded plugin thirdparty (category:base,tabindex:-1)
2022-10-19 12:49:07,699 [INFO] PluginManage:307 - Check plugin tools
2022-10-19 12:49:07,699 [WARN] IntegrityCheckThread:82 - waiting for thirdparty lock release [integrity check]
2022-10-19 12:49:07,709 [INFO] IntegrityCheckThread:84 - entering critical section [integrity check]
2022-10-19 12:49:07,709 [INFO] PluginManage:356 - Loaded plugin tools (category:base,tabindex:7)
2022-10-19 12:49:07,709 [INFO] PluginManage:307 - Check plugin tutovideos
2022-10-19 12:49:07,709 [INFO] ThirdPartyUpdaterWithRetryManager:70 - Updater plugin not ready yet. [1/15]
2022-10-19 12:49:07,849 [INFO] PluginManage:356 - Loaded plugin tutovideos (category:base,tabindex:-1)
2022-10-19 12:49:07,849 [INFO] PluginManage:307 - Check plugin updater
2022-10-19 12:49:07,859 [INFO] PluginManage:356 - Loaded plugin updater (category:base,tabindex:12)
2022-10-19 12:49:07,859 [INFO] PluginManage:280 - PluginManage : Loaded plugins [15]
2022-10-19 12:49:08,029 [INFO] PinOutPanel:1468 - setPackage(No Configuration,No Configuration)
2022-10-19 12:49:08,074 [INFO] CADModel:98 - CPN selected for project level
2022-10-19 12:49:08,089 [INFO] IPUIPlugin:79 - create IPUIPlugin
2022-10-19 12:49:08,089 [INFO] PluginManager:217 - loadIPPluginJar : add adc
2022-10-19 12:49:08,089 [INFO] IPUIPlugin:79 - create IPUIPlugin
2022-10-19 12:49:08,089 [INFO] PluginManager:217 - loadIPPluginJar : add aes
2022-10-19 12:49:08,089 [INFO] IPUIPlugin:79 - create IPUIPlugin
2022-10-19 12:49:08,089 [INFO] PluginManager:217 - loadIPPluginJar : add can
2022-10-19 12:49:08,089 [INFO] IPUIPlugin:79 - create IPUIPlugin
2022-10-19 12:49:08,099 [INFO] PluginManager:217 - loadIPPluginJar : add comp
2022-10-19 12:49:08,099 [INFO] IPUIPlugin:79 - create IPUIPlugin
2022-10-19 12:49:08,099 [INFO] PluginManager:217 - loadIPPluginJar : add cryp
2022-10-19 12:49:08,104 [INFO] IPUIPlugin:79 - create IPUIPlugin
2022-10-19 12:49:08,104 [INFO] PluginManager:217 - loadIPPluginJar : add dfsdm
2022-10-19 12:49:08,109 [INFO] IPUIPlugin:79 - create IPUIPlugin
2022-10-19 12:49:08,109 [INFO] PluginManager:217 - loadIPPluginJar : add dma
2022-10-19 12:49:08,109 [INFO] IPUIPlugin:79 - create IPUIPlugin
2022-10-19 12:49:08,109 [INFO] PluginManager:217 - loadIPPluginJar : add dma3
2022-10-19 12:49:08,114 [INFO] IPUIPlugin:79 - create IPUIPlugin
2022-10-19 12:49:08,114 [INFO] PluginManager:217 - loadIPPluginJar : add fatfs
2022-10-19 12:49:08,119 [INFO] IPUIPlugin:79 - create IPUIPlugin
2022-10-19 12:49:08,119 [INFO] PluginManager:217 - loadIPPluginJar : add fmc
2022-10-19 12:49:08,119 [INFO] IPUIPlugin:79 - create IPUIPlugin
2022-10-19 12:49:08,119 [INFO] PluginManager:217 - loadIPPluginJar : add freertos
2022-10-19 12:49:08,119 [INFO] IPUIPlugin:79 - create IPUIPlugin
2022-10-19 12:49:08,119 [INFO] PluginManager:217 - loadIPPluginJar : add genericplugin
2022-10-19 12:49:08,119 [INFO] IPUIPlugin:79 - create IPUIPlugin
2022-10-19 12:49:08,119 [INFO] PluginManager:217 - loadIPPluginJar : add gfxmmu
2022-10-19 12:49:08,129 [INFO] IPUIPlugin:79 - create IPUIPlugin
2022-10-19 12:49:08,129 [INFO] PluginManager:217 - loadIPPluginJar : add gic
2022-10-19 12:49:08,129 [INFO] IPUIPlugin:79 - create IPUIPlugin
2022-10-19 12:49:08,129 [INFO] PluginManager:217 - loadIPPluginJar : add gpio
2022-10-19 12:49:08,139 [INFO] IPUIPlugin:79 - create IPUIPlugin
2022-10-19 12:49:08,139 [INFO] PluginManager:217 - loadIPPluginJar : add gtzc
2022-10-19 12:49:08,139 [INFO] IPUIPlugin:79 - create IPUIPlugin
2022-10-19 12:49:08,144 [INFO] PluginManager:217 - loadIPPluginJar : add hash
2022-10-19 12:49:08,144 [INFO] IPUIPlugin:79 - create IPUIPlugin
2022-10-19 12:49:08,144 [INFO] PluginManager:217 - loadIPPluginJar : add i2c
2022-10-19 12:49:08,149 [INFO] IPUIPlugin:79 - create IPUIPlugin
2022-10-19 12:49:08,149 [INFO] PluginManager:217 - loadIPPluginJar : add i2s
2022-10-19 12:49:08,149 [INFO] IPUIPlugin:79 - create IPUIPlugin
2022-10-19 12:49:08,149 [INFO] PluginManager:217 - loadIPPluginJar : add ipddr
2022-10-19 12:49:08,159 [INFO] IPUIPlugin:79 - create IPUIPlugin
2022-10-19 12:49:08,159 [INFO] PluginManager:217 - loadIPPluginJar : add linkedlist
2022-10-19 12:49:08,159 [INFO] IPUIPlugin:79 - create IPUIPlugin
2022-10-19 12:49:08,159 [INFO] PluginManager:217 - loadIPPluginJar : add lorawan
2022-10-19 12:49:08,159 [INFO] IPUIPlugin:79 - create IPUIPlugin
2022-10-19 12:49:08,159 [INFO] PluginManager:217 - loadIPPluginJar : add ltdc
2022-10-19 12:49:08,169 [INFO] IPUIPlugin:79 - create IPUIPlugin
2022-10-19 12:49:08,169 [INFO] PluginManager:217 - loadIPPluginJar : add mdma
2022-10-19 12:49:08,169 [INFO] IPUIPlugin:79 - create IPUIPlugin
2022-10-19 12:49:08,169 [INFO] PluginManager:217 - loadIPPluginJar : add nvic
2022-10-19 12:49:08,169 [INFO] IPUIPlugin:79 - create IPUIPlugin
2022-10-19 12:49:08,169 [INFO] PluginManager:217 - loadIPPluginJar : add opamp
2022-10-19 12:49:08,179 [INFO] IPUIPlugin:79 - create IPUIPlugin
2022-10-19 12:49:08,179 [INFO] PluginManager:217 - loadIPPluginJar : add openamp
2022-10-19 12:49:08,179 [INFO] IPUIPlugin:79 - create IPUIPlugin
2022-10-19 12:49:08,179 [INFO] PluginManager:217 - loadIPPluginJar : add pdm2pcm
2022-10-19 12:49:08,179 [INFO] IPUIPlugin:79 - create IPUIPlugin
2022-10-19 12:49:08,189 [INFO] PluginManager:217 - loadIPPluginJar : add plateformsettings
2022-10-19 12:49:08,189 [INFO] IPUIPlugin:79 - create IPUIPlugin
2022-10-19 12:49:08,189 [INFO] PluginManager:217 - loadIPPluginJar : add quadspi
2022-10-19 12:49:08,189 [INFO] IPUIPlugin:79 - create IPUIPlugin
2022-10-19 12:49:08,189 [INFO] PluginManager:217 - loadIPPluginJar : add resmgrutility
2022-10-19 12:49:08,199 [INFO] IPUIPlugin:79 - create IPUIPlugin
2022-10-19 12:49:08,199 [INFO] PluginManager:217 - loadIPPluginJar : add sai
2022-10-19 12:49:08,199 [INFO] IPUIPlugin:79 - create IPUIPlugin
2022-10-19 12:49:08,199 [INFO] PluginManager:217 - loadIPPluginJar : add spi
2022-10-19 12:49:08,209 [INFO] IPUIPlugin:79 - create IPUIPlugin
2022-10-19 12:49:08,209 [INFO] PluginManager:217 - loadIPPluginJar : add stm32_wpan
2022-10-19 12:49:08,209 [INFO] IPUIPlugin:79 - create IPUIPlugin
2022-10-19 12:49:08,209 [INFO] PluginManager:217 - loadIPPluginJar : add tim
2022-10-19 12:49:08,209 [INFO] IPUIPlugin:79 - create IPUIPlugin
2022-10-19 12:49:08,209 [INFO] PluginManager:217 - loadIPPluginJar : add touchsensing
2022-10-19 12:49:08,219 [INFO] IPUIPlugin:79 - create IPUIPlugin
2022-10-19 12:49:08,219 [INFO] PluginManager:217 - loadIPPluginJar : add tracer_emb
2022-10-19 12:49:08,219 [INFO] IPUIPlugin:79 - create IPUIPlugin
2022-10-19 12:49:08,219 [INFO] PluginManager:217 - loadIPPluginJar : add ts
2022-10-19 12:49:08,219 [INFO] IPUIPlugin:79 - create IPUIPlugin
2022-10-19 12:49:08,219 [INFO] PluginManager:217 - loadIPPluginJar : add tsc
2022-10-19 12:49:08,219 [INFO] IPUIPlugin:79 - create IPUIPlugin
2022-10-19 12:49:08,219 [INFO] PluginManager:217 - loadIPPluginJar : add ucpd
2022-10-19 12:49:08,229 [INFO] IPUIPlugin:79 - create IPUIPlugin
2022-10-19 12:49:08,229 [INFO] PluginManager:217 - loadIPPluginJar : add usart
2022-10-19 12:49:08,229 [INFO] IPUIPlugin:79 - create IPUIPlugin
2022-10-19 12:49:08,229 [INFO] PluginManager:217 - loadIPPluginJar : add usbx
2022-10-19 12:49:08,464 [FATAL] Updater:301 - Updater called before beeing initialized
2022-10-19 12:49:08,559 [FATAL] Updater:301 - Updater called before beeing initialized
2022-10-19 12:49:08,579 [INFO] DbMcusAds:52 - JSON generation date=Thu Sep 30 19:55:09 NZDT 2021 (1632984909247)
2022-10-19 12:49:08,599 [FATAL] Updater:301 - Updater called before beeing initialized
2022-10-19 12:49:08,629 [WARN] DetailPanel:344 - Failed to get advertising image, set to default
2022-10-19 12:49:08,739 [FATAL] Updater:301 - Updater called before beeing initialized
2022-10-19 12:49:08,739 [FATAL] Updater:301 - Updater called before beeing initialized
2022-10-19 12:49:08,739 [FATAL] Updater:301 - Updater called before beeing initialized
2022-10-19 12:49:08,739 [WARN] DetailPanel:344 - Failed to get advertising image, set to default
2022-10-19 12:49:08,739 [FATAL] Updater:301 - Updater called before beeing initialized
2022-10-19 12:49:08,779 [ERROR] Updater:1105 - MainUpdater not yet initialized. External WinMGr cannot be set.
2022-10-19 12:49:08,779 [INFO] Updater:1041 - Updater Version found : 6.6.1
2022-10-19 12:49:08,789 [INFO] ApplicationProperties:181 - Using Application install path: C:\ST\STM32CubeIDE_1.10.1\STM32CubeIDE\plugins\com.st.stm32cube.common.mx_6.6.1.202207061420
2022-10-19 12:49:08,959 [INFO] MainUpdater:2768 - connection check result : 10
2022-10-19 12:49:08,959 [INFO] MainUpdater:3453 - Updater definition file requires update
2022-10-19 12:49:08,959 [INFO] MainUpdater:280 - Updater Check For Update Now.
2022-10-19 12:49:08,959 [INFO] MicroXplorer:481 - Change Database Version : DB.6.0.60
2022-10-19 12:49:08,999 [INFO] ServerAccessManage:474 - Download File updaters.zip
2022-10-19 12:49:09,049 [INFO] FileExtend:239 - Unzip File : updaters.zip
2022-10-19 12:49:09,049 [INFO] FileExtend:254 - Standard Zip Deflate
2022-10-19 12:49:09,279 [INFO] ServerAccessManage:474 - Download File PacksControlFlags.xml
2022-10-19 12:49:09,319 [INFO] ServerAccessManage:474 - Download File cubemx.pidx
2022-10-19 12:49:09,384 [INFO] LoadServerUpdatesThread:367 - End of LoadServerUpdate Thread
2022-10-19 12:49:09,409 [WARN] CheckServerUpdateThread:148 - Open CheckUpdateFile Fail
2022-10-19 12:49:09,539 [INFO] CheckServerUpdateThread:119 - End of CheckServer Thread
2022-10-19 12:49:09,599 [INFO] MainUpdater:2768 - connection check result : 10
2022-10-19 12:49:09,599 [INFO] McuFinderGlobals:57 - Set McuFinderConnectedMode to true
2022-10-19 12:49:09,759 [INFO] ServerAccessManage:474 - Download File mcusAds.json._tmp_
2022-10-19 12:49:09,879 [INFO] LoadUrlFilesThread:150 - End of LoadUrlFiles Thread
2022-10-19 12:49:09,909 [INFO] ServerAccessManage:474 - Download File cube-finder-db.zip
2022-10-19 12:49:10,719 [WARN] MainUpdater:1184 - Updater busy. Cannot search thirdparties
2022-10-19 12:49:10,719 [INFO] ThirdPartyUpdaterWithRetryManager:96 - Updater plugin is busy. [1/15]
2022-10-19 12:49:10,874 [INFO] FileExtend:239 - Unzip File : cube-finder-db.zip
2022-10-19 12:49:10,874 [INFO] FileExtend:254 - Standard Zip Deflate
2022-10-19 12:49:11,339 [INFO] LoadUrlFilesThread:150 - End of LoadUrlFiles Thread
2022-10-19 12:49:12,750 [INFO] ServerAccessManage:474 - Download File crdb.zip
2022-10-19 12:49:13,739 [WARN] MainUpdater:1184 - Updater busy. Cannot search thirdparties
2022-10-19 12:49:13,739 [INFO] ThirdPartyUpdaterWithRetryManager:96 - Updater plugin is busy. [2/15]
2022-10-19 12:49:14,689 [INFO] FileExtend:239 - Unzip File : crdb.zip
2022-10-19 12:49:14,689 [INFO] FileExtend:254 - Standard Zip Deflate
2022-10-19 12:49:14,809 [INFO] LoadUrlFilesThread:150 - End of LoadUrlFiles Thread
2022-10-19 12:49:14,839 [INFO] ServerAccessManage:474 - Download File tutoVideoDB.zip
2022-10-19 12:49:14,849 [INFO] FileExtend:239 - Unzip File : tutoVideoDB.zip
2022-10-19 12:49:14,849 [INFO] FileExtend:254 - Standard Zip Deflate
2022-10-19 12:49:14,969 [INFO] LoadUrlFilesThread:150 - End of LoadUrlFiles Thread
2022-10-19 12:49:14,979 [INFO] JxBrowserEngine:106 - Initiate JxBrowser Engine with user profile folder
2022-10-19 12:49:15,105 [ERROR] JxBrowserEngine:59 - Can't initiate JxBrowser engine com.teamdev.jxbrowser.engine.ChromiumBinariesExtractionException: Failed to extract Chromium binaries into C:\Users\gal65\.stm32cubemx\.jxbrowser\Chromium
2022-10-19 12:49:15,105 [WARN] DbFile:40 - Overriding database path with different value: C:\Users\gal65\.stmcufinder\plugins\mcufinder/ => C:\Users\gal65\.stmcufinder\plugins\mcufinder
2022-10-19 12:49:16,306 [INFO] ServerAccessManage:474 - Download File api_config.json
2022-10-19 12:49:16,429 [INFO] LoadUrlFilesThread:150 - End of LoadUrlFiles Thread
2022-10-19 12:49:16,429 [INFO] DbMcusAds:52 - JSON generation date=Thu Sep 30 19:56:37 NZDT 2021 (1632984997303)
2022-10-19 12:49:16,507 [INFO] ServerAccessManage:474 - Download File 
2022-10-19 12:49:16,519 [INFO] LoadUrlFilesThread:177 - End of LoadServerUrlFiles without Thread
2022-10-19 12:49:16,529 [INFO] TargetSelectorAdapter:228 - Refresh data is successful
2022-10-19 12:49:16,607 [INFO] ApiDb:576 - Connected to CubeFinder SQLite database (C:\Users\gal65\.stmcufinder\plugins\mcufinder\mcu\cube-finder-db.db)
2022-10-19 12:49:16,619 [INFO] ApiDb:663 - CubeFinder database Data Model version=2.1
2022-10-19 12:49:16,619 [INFO] ApiDb:664 - CubeFinder database Configuration version=3.0.32
2022-10-19 12:49:16,629 [INFO] ApiDb:665 - CubeFinder database generation date=2022-08-05 (1659688109)
2022-10-19 12:49:16,629 [INFO] ApiDb:666 - CubeFinder database FW Pack versions=[STM32Cube_FW_C0_V1.0.0, STM32Cube_FW_F4_V1.27.1, STM32Cube_FW_F7_V1.17.0, STM32Cube_FW_G0_V1.6.1, STM32Cube_FW_G4_V1.5.0, STM32Cube_FW_H7_V1.10.0, STM32Cube_FW_L5_V1.4.0, STM32Cube_FW_U5_V1.1.1, STM32Cube_FW_WB_V1.14.1, STM32Cube_FW_WL_V1.2.0, X-CUBE-ALGOBUILD_V1.3.0, X-CUBE-ALS_V1.0.1, X-CUBE-AZRTOS-F4_V1.1.0, X-CUBE-AZRTOS-F7_V1.1.0, X-CUBE-AZRTOS-G0_V1.1.0, X-CUBE-AZRTOS-G4_V1.0.0, X-CUBE-AZRTOS-H7_V2.1.0, X-CUBE-AZRTOS-L4_V1.0.0, X-CUBE-AZRTOS-L5_V1.0.0, X-CUBE-AZRTOS-WL_V1.0.0, X-CUBE-BLE1_V6.2.3, X-CUBE-BLE2_V3.3.0, X-CUBE-EEPRMA1_V3.1.1, X-CUBE-GNSS1_V6.0.0, X-CUBE-MEMS1_V9.1.0, X-CUBE-MEMS1_V9.3.0, X-CUBE-NFC4_V2.0.4, X-CUBE-NFC7_V1.0.0, X-CUBE-SFXS2LP1_V4.0.0, X-CUBE-SUBG2_V5.0.0]
2022-10-19 12:49:16,819 [WARN] PackLoader:242 - Cannot read IP mode file for STMicroelectronics.X-CUBE-BLE1.6.2.3
2022-10-19 12:49:16,829 [WARN] PackLoader:242 - Cannot read IP mode file for STMicroelectronics.X-CUBE-BLE2.3.3.0
2022-10-19 12:49:16,839 [WARN] PackLoader:242 - Cannot read IP mode file for STMicroelectronics.X-CUBE-ALS.1.0.1
2022-10-19 12:49:16,839 [INFO] ThirdParty:929 - Integrity check success = true
2022-10-19 12:49:16,839 [INFO] IntegrityCheckThread:98 - exiting critical section [integrity check]
2022-10-19 12:49:16,839 [INFO] IntegrityCheckThread:101 - End integrity checks thread
2022-10-19 12:49:17,926 [INFO] ApiDb:239 - Found 138 in-development CPN: [B-WB1M-WPAN1, NUCLEO-C031C6, STEVAL-STWINBX1, STM320518-EVAL, STM32C0116-DK, STM32C011D6Y3TR, STM32C011D6Y6TR, STM32C011F4P3, STM32C011F4P6, STM32C011F4U3, STM32C011F4U6TR, STM32C011F6P3, STM32C011F6P6, STM32C011F6U3, STM32C011F6U6TR, STM32C011J4M3, STM32C011J4M6, STM32C011J6M3, STM32C011J6M6, STM32C0316-DK, STM32C031C4T3, STM32C031C4T6, STM32C031C4U3, STM32C031C4U6, STM32C031C6T3, STM32C031C6T6, STM32C031C6U3, STM32C031C6U6, STM32C031F4P3, STM32C031F4P6, STM32C031F6P3, STM32C031F6P6, STM32C031G4U3, STM32C031G4U6, STM32C031G6U3, STM32C031G6U6, STM32C031K4T3, STM32C031K4T6, STM32C031K4U3, STM32C031K4U6, STM32C031K6T3, STM32C031K6T6, STM32C031K6U3, STM32C031K6U6, STM32G071K8TXN, STM32G071K8UXN, STM32G081GBU6N, STM32G081KBT6N, STM32G081KBUXN, STM32G0B1CCT6N, STM32G0B1KCT6, STM32G0B1NEY6TR, STM32G0B1RCT6N, STM32G0C1CCT6, STM32G0C1CCT6N, STM32G0C1CCU6N, STM32G0C1CET6N, STM32G0C1CEU6N, STM32G0C1KCT6, STM32G0C1NEY6TR, STM32G0C1RCI6N, STM32G0C1RCT6N, STM32G0C1REI6N, STM32G0C1RET6N, STM32G0C1VCI6, STM32G0C1VEI6, STM32G471CCT6, STM32G471CCU6, STM32G471CET3, STM32G471CET6, STM32G471CEU3, STM32G471CEU6, STM32G471MCT6, STM32G471MET3, STM32G471MET6, STM32G471MEY6TR, STM32G471QCT6, STM32G471QET3, STM32G471RCT6, STM32G471RET3, STM32G471RET6, STM32G471VCH6, STM32G471VCI6, STM32G471VCT6, STM32G471VEH3, STM32G471VEH6, STM32G471VEI3, STM32G471VEI6, STM32G471VET3, STM32G471VET6, STM32G474CCT6, STM32L476VGY6PTR, STM32L4R5QGI6STR, STM32MP131AAE3, STM32MP131AAF3, STM32MP131AAG3, STM32MP131CAE3, STM32MP131CAF3, STM32MP131CAG3, STM32MP131DAE7, STM32MP131DAF7, STM32MP131DAG7, STM32MP131FAE7, STM32MP131FAF7, STM32MP131FAG7, STM32MP133AAE3, STM32MP133AAF3, STM32MP133AAG3, STM32MP133CAE3, STM32MP133CAF3, STM32MP133CAG3, STM32MP133DAE7, STM32MP133DAF7, STM32MP133DAG7, STM32MP133FAE7, STM32MP133FAF7, STM32MP133FAG7, STM32MP135AAE3, STM32MP135AAF3, STM32MP135AAG3, STM32MP135CAE3, STM32MP135CAF3, STM32MP135CAG3, STM32MP135DAE7, STM32MP135DAF7, STM32MP135DAG7, STM32MP135F-DK, STM32MP135FAE7, STM32MP135FAF7, STM32MP135FAG7, STM32U595ZJT6Q, STM32U599BJY6QTR, STM32U599NIH6Q, STM32U599NJH6Q, STM32U5A5ZJT6Q, STM32U5A9BJY6QTR, STM32U5A9NJH6Q, STM32WB1MMCH6]
2022-10-19 12:49:17,929 [INFO] DbMcus:215 - Found 3542 MCUs, 3542 are supported
2022-10-19 12:49:17,929 [INFO] ApiDb:409 - User favorites file not found: C:\Users\gal65/.stm32cubeide/favorites.mcus.txt
2022-10-19 12:49:17,929 [INFO] DbMcus:221 - Set 0 / 0 favorites MCUs
2022-10-19 12:49:17,934 [INFO] ApiDb:663 - CubeFinder database Data Model version=2.1
2022-10-19 12:49:17,934 [INFO] ApiDb:664 - CubeFinder database Configuration version=3.0.32
2022-10-19 12:49:17,934 [INFO] ApiDb:665 - CubeFinder database generation date=2022-08-05 (1659688109)
2022-10-19 12:49:17,934 [INFO] ApiDb:666 - CubeFinder database FW Pack versions=[STM32Cube_FW_C0_V1.0.0, STM32Cube_FW_F4_V1.27.1, STM32Cube_FW_F7_V1.17.0, STM32Cube_FW_G0_V1.6.1, STM32Cube_FW_G4_V1.5.0, STM32Cube_FW_H7_V1.10.0, STM32Cube_FW_L5_V1.4.0, STM32Cube_FW_U5_V1.1.1, STM32Cube_FW_WB_V1.14.1, STM32Cube_FW_WL_V1.2.0, X-CUBE-ALGOBUILD_V1.3.0, X-CUBE-ALS_V1.0.1, X-CUBE-AZRTOS-F4_V1.1.0, X-CUBE-AZRTOS-F7_V1.1.0, X-CUBE-AZRTOS-G0_V1.1.0, X-CUBE-AZRTOS-G4_V1.0.0, X-CUBE-AZRTOS-H7_V2.1.0, X-CUBE-AZRTOS-L4_V1.0.0, X-CUBE-AZRTOS-L5_V1.0.0, X-CUBE-AZRTOS-WL_V1.0.0, X-CUBE-BLE1_V6.2.3, X-CUBE-BLE2_V3.3.0, X-CUBE-EEPRMA1_V3.1.1, X-CUBE-GNSS1_V6.0.0, X-CUBE-MEMS1_V9.1.0, X-CUBE-MEMS1_V9.3.0, X-CUBE-NFC4_V2.0.4, X-CUBE-NFC7_V1.0.0, X-CUBE-SFXS2LP1_V4.0.0, X-CUBE-SUBG2_V5.0.0]
2022-10-19 12:49:17,979 [INFO] DbBoardsSqlite:227 - include board P-NUCLEO-WB55-NUCLEO as a kit item of type 'Nucleo-64'
2022-10-19 12:49:17,979 [INFO] DbBoardsSqlite:227 - include board P-NUCLEO-WB55-USBDONGLE as a kit item of type 'Nucleo USB Dongle'
2022-10-19 12:49:17,979 [INFO] DbBoardsSqlite:227 - include board STEVAL-IDP005V1 as a kit item of type 'Evaluation Board'
2022-10-19 12:49:17,979 [INFO] DbBoardsSqlite:227 - include board STEVAL-IDP005V2 as a kit item of type 'Evaluation Board'
2022-10-19 12:49:17,989 [INFO] ApiDb:239 - Found 138 in-development CPN: [B-WB1M-WPAN1, NUCLEO-C031C6, STEVAL-STWINBX1, STM320518-EVAL, STM32C0116-DK, STM32C011D6Y3TR, STM32C011D6Y6TR, STM32C011F4P3, STM32C011F4P6, STM32C011F4U3, STM32C011F4U6TR, STM32C011F6P3, STM32C011F6P6, STM32C011F6U3, STM32C011F6U6TR, STM32C011J4M3, STM32C011J4M6, STM32C011J6M3, STM32C011J6M6, STM32C0316-DK, STM32C031C4T3, STM32C031C4T6, STM32C031C4U3, STM32C031C4U6, STM32C031C6T3, STM32C031C6T6, STM32C031C6U3, STM32C031C6U6, STM32C031F4P3, STM32C031F4P6, STM32C031F6P3, STM32C031F6P6, STM32C031G4U3, STM32C031G4U6, STM32C031G6U3, STM32C031G6U6, STM32C031K4T3, STM32C031K4T6, STM32C031K4U3, STM32C031K4U6, STM32C031K6T3, STM32C031K6T6, STM32C031K6U3, STM32C031K6U6, STM32G071K8TXN, STM32G071K8UXN, STM32G081GBU6N, STM32G081KBT6N, STM32G081KBUXN, STM32G0B1CCT6N, STM32G0B1KCT6, STM32G0B1NEY6TR, STM32G0B1RCT6N, STM32G0C1CCT6, STM32G0C1CCT6N, STM32G0C1CCU6N, STM32G0C1CET6N, STM32G0C1CEU6N, STM32G0C1KCT6, STM32G0C1NEY6TR, STM32G0C1RCI6N, STM32G0C1RCT6N, STM32G0C1REI6N, STM32G0C1RET6N, STM32G0C1VCI6, STM32G0C1VEI6, STM32G471CCT6, STM32G471CCU6, STM32G471CET3, STM32G471CET6, STM32G471CEU3, STM32G471CEU6, STM32G471MCT6, STM32G471MET3, STM32G471MET6, STM32G471MEY6TR, STM32G471QCT6, STM32G471QET3, STM32G471RCT6, STM32G471RET3, STM32G471RET6, STM32G471VCH6, STM32G471VCI6, STM32G471VCT6, STM32G471VEH3, STM32G471VEH6, STM32G471VEI3, STM32G471VEI6, STM32G471VET3, STM32G471VET6, STM32G474CCT6, STM32L476VGY6PTR, STM32L4R5QGI6STR, STM32MP131AAE3, STM32MP131AAF3, STM32MP131AAG3, STM32MP131CAE3, STM32MP131CAF3, STM32MP131CAG3, STM32MP131DAE7, STM32MP131DAF7, STM32MP131DAG7, STM32MP131FAE7, STM32MP131FAF7, STM32MP131FAG7, STM32MP133AAE3, STM32MP133AAF3, STM32MP133AAG3, STM32MP133CAE3, STM32MP133CAF3, STM32MP133CAG3, STM32MP133DAE7, STM32MP133DAF7, STM32MP133DAG7, STM32MP133FAE7, STM32MP133FAF7, STM32MP133FAG7, STM32MP135AAE3, STM32MP135AAF3, STM32MP135AAG3, STM32MP135CAE3, STM32MP135CAF3, STM32MP135CAG3, STM32MP135DAE7, STM32MP135DAF7, STM32MP135DAG7, STM32MP135F-DK, STM32MP135FAE7, STM32MP135FAF7, STM32MP135FAG7, STM32U595ZJT6Q, STM32U599BJY6QTR, STM32U599NIH6Q, STM32U599NJH6Q, STM32U5A5ZJT6Q, STM32U5A9BJY6QTR, STM32U5A9NJH6Q, STM32WB1MMCH6]
2022-10-19 12:49:18,069 [INFO] BoardInfo:879 - No configuration file found for board P-NUCLEO-WB55
2022-10-19 12:49:18,069 [INFO] DbBoards:156 - Kit is not supported: P-NUCLEO-WB55
2022-10-19 12:49:18,075 [INFO] BoardInfo:879 - No configuration file found for board STEVAL-BFA001V1B
2022-10-19 12:49:18,075 [INFO] DbBoards:156 - Kit is not supported: STEVAL-BFA001V1B
2022-10-19 12:49:18,075 [INFO] BoardInfo:879 - No configuration file found for board STEVAL-BFA001V2B
2022-10-19 12:49:18,079 [INFO] DbBoards:156 - Kit is not supported: STEVAL-BFA001V2B
2022-10-19 12:49:18,154 [INFO] DbBoards:160 - Found 176 boards, 173 are supported
2022-10-19 12:49:18,159 [INFO] ApiDb:409 - User favorites file not found: C:\Users\gal65/.stm32cubeide/favorites.boards.txt
2022-10-19 12:49:18,159 [INFO] DbBoards:189 - Set 0 / 0 favorites Boards
2022-10-19 12:49:18,159 [INFO] ApiDb:663 - CubeFinder database Data Model version=2.1
2022-10-19 12:49:18,159 [INFO] ApiDb:664 - CubeFinder database Configuration version=3.0.32
2022-10-19 12:49:18,159 [INFO] ApiDb:665 - CubeFinder database generation date=2022-08-05 (1659688109)
2022-10-19 12:49:18,159 [INFO] ApiDb:666 - CubeFinder database FW Pack versions=[STM32Cube_FW_C0_V1.0.0, STM32Cube_FW_F4_V1.27.1, STM32Cube_FW_F7_V1.17.0, STM32Cube_FW_G0_V1.6.1, STM32Cube_FW_G4_V1.5.0, STM32Cube_FW_H7_V1.10.0, STM32Cube_FW_L5_V1.4.0, STM32Cube_FW_U5_V1.1.1, STM32Cube_FW_WB_V1.14.1, STM32Cube_FW_WL_V1.2.0, X-CUBE-ALGOBUILD_V1.3.0, X-CUBE-ALS_V1.0.1, X-CUBE-AZRTOS-F4_V1.1.0, X-CUBE-AZRTOS-F7_V1.1.0, X-CUBE-AZRTOS-G0_V1.1.0, X-CUBE-AZRTOS-G4_V1.0.0, X-CUBE-AZRTOS-H7_V2.1.0, X-CUBE-AZRTOS-L4_V1.0.0, X-CUBE-AZRTOS-L5_V1.0.0, X-CUBE-AZRTOS-WL_V1.0.0, X-CUBE-BLE1_V6.2.3, X-CUBE-BLE2_V3.3.0, X-CUBE-EEPRMA1_V3.1.1, X-CUBE-GNSS1_V6.0.0, X-CUBE-MEMS1_V9.1.0, X-CUBE-MEMS1_V9.3.0, X-CUBE-NFC4_V2.0.4, X-CUBE-NFC7_V1.0.0, X-CUBE-SFXS2LP1_V4.0.0, X-CUBE-SUBG2_V5.0.0]
2022-10-19 12:49:18,629 [INFO] DbExamplesSqlite:374 - Ignored 31 examples not supported by CubeIDE
2022-10-19 12:49:18,629 [INFO] DbExamplesSqlite:375 - Found 6197 examples active
2022-10-19 12:49:18,629 [INFO] DbExamplesSqlite:376 - Found 89 examples obsolete
2022-10-19 12:49:18,629 [INFO] DbExamplesSqlite:377 - Found 0 examples under development
2022-10-19 12:49:18,629 [INFO] DbExamplesSqlite:378 - Found 76 examples not building
2022-10-19 12:49:18,629 [INFO] DbExamples:124 - Found 6242 examples
2022-10-19 12:49:18,639 [INFO] DbExamples:221 - Found 77 boards with related examples
2022-10-19 12:49:18,639 [INFO] DbExamples:234 - Found 64 MCUs with related examples
2022-10-19 12:49:18,649 [INFO] ApiDb:409 - User favorites file not found: C:\Users\gal65/.stm32cubeide/favorites.examples.txt
2022-10-19 12:49:18,659 [INFO] DbExamples:249 - Set 0 / 0 favorites Examples
2022-10-19 12:49:18,849 [INFO] McuFinderGlobals:57 - Set McuFinderConnectedMode to true
2022-10-19 12:49:18,859 [INFO] MultiScanPanel:195 - Auto-refresh data requested => check proxy status ongoing
2022-10-19 12:49:18,859 [INFO] FinderPluginLoader:92 - Searching for filters in installed packs
2022-10-19 12:49:19,789 [INFO] LoadUrlFilesThread:177 - End of LoadServerUrlFiles without Thread
2022-10-19 12:49:19,819 [INFO] DetailPanel:339 - Set advertising image to C:/Users/gal65/STM32Cube/Repository/\en.Prom_NBSTM32U50921.jpg
2022-10-19 12:49:23,719 [INFO] McuFinderGlobals:57 - Set McuFinderConnectedMode to true
2022-10-19 12:49:23,719 [INFO] ApiDb:443 - Save user favorites file C:\Users\gal65/.stm32cubeide/favorites.mcus.txt: 0 item(s)
2022-10-19 12:49:23,719 [INFO] ApiDb:447 - User favorites MCUs=[]
2022-10-19 12:49:24,959 [INFO] MainUpdater:2768 - connection check result : 10
2022-10-19 12:49:25,009 [INFO] McuFinderGlobals:57 - Set McuFinderConnectedMode to true
2022-10-19 12:49:25,019 [INFO] MultiScanPanel:195 - Auto-refresh data requested => check proxy status ongoing
2022-10-19 12:49:25,019 [INFO] FinderPluginLoader:92 - Searching for filters in installed packs
2022-10-19 12:49:25,539 [INFO] LoadUrlFilesThread:177 - End of LoadServerUrlFiles without Thread
2022-10-19 12:49:25,539 [INFO] DetailPanel:339 - Set advertising image to C:/Users/gal65/STM32Cube/Repository/\en.Prom_NBSTM32U50921.jpg
2022-10-19 12:49:25,824 [INFO] ApiDb:576 - Connected to CubeFinder SQLite database (C:\Users\gal65\.stmcufinder\plugins\mcufinder\mcu\cube-finder-db.db)
2022-10-19 12:49:25,844 [INFO] ApiDb:663 - CubeFinder database Data Model version=2.1
2022-10-19 12:49:25,849 [INFO] ApiDb:664 - CubeFinder database Configuration version=3.0.32
2022-10-19 12:49:25,854 [INFO] ApiDb:665 - CubeFinder database generation date=2022-08-05 (1659688109)
2022-10-19 12:49:25,854 [INFO] ApiDb:666 - CubeFinder database FW Pack versions=[STM32Cube_FW_C0_V1.0.0, STM32Cube_FW_F4_V1.27.1, STM32Cube_FW_F7_V1.17.0, STM32Cube_FW_G0_V1.6.1, STM32Cube_FW_G4_V1.5.0, STM32Cube_FW_H7_V1.10.0, STM32Cube_FW_L5_V1.4.0, STM32Cube_FW_U5_V1.1.1, STM32Cube_FW_WB_V1.14.1, STM32Cube_FW_WL_V1.2.0, X-CUBE-ALGOBUILD_V1.3.0, X-CUBE-ALS_V1.0.1, X-CUBE-AZRTOS-F4_V1.1.0, X-CUBE-AZRTOS-F7_V1.1.0, X-CUBE-AZRTOS-G0_V1.1.0, X-CUBE-AZRTOS-G4_V1.0.0, X-CUBE-AZRTOS-H7_V2.1.0, X-CUBE-AZRTOS-L4_V1.0.0, X-CUBE-AZRTOS-L5_V1.0.0, X-CUBE-AZRTOS-WL_V1.0.0, X-CUBE-BLE1_V6.2.3, X-CUBE-BLE2_V3.3.0, X-CUBE-EEPRMA1_V3.1.1, X-CUBE-GNSS1_V6.0.0, X-CUBE-MEMS1_V9.1.0, X-CUBE-MEMS1_V9.3.0, X-CUBE-NFC4_V2.0.4, X-CUBE-NFC7_V1.0.0, X-CUBE-SFXS2LP1_V4.0.0, X-CUBE-SUBG2_V5.0.0]
2022-10-19 12:49:26,339 [INFO] DbExamplesSqlite:374 - Ignored 31 examples not supported by CubeIDE
2022-10-19 12:49:26,349 [INFO] DbExamplesSqlite:375 - Found 6197 examples active
2022-10-19 12:49:26,349 [INFO] DbExamplesSqlite:376 - Found 89 examples obsolete
2022-10-19 12:49:26,349 [INFO] DbExamplesSqlite:377 - Found 0 examples under development
2022-10-19 12:49:26,349 [INFO] DbExamplesSqlite:378 - Found 76 examples not building
2022-10-19 12:49:26,354 [INFO] DbExamples:124 - Found 6242 examples
2022-10-19 12:49:26,359 [INFO] DbExamples:221 - Found 77 boards with related examples
2022-10-19 12:49:26,369 [INFO] DbExamples:234 - Found 64 MCUs with related examples
2022-10-19 12:49:26,389 [INFO] ApiDb:409 - User favorites file not found: C:\Users\gal65/.stm32cubeide/favorites.examples.txt
2022-10-19 12:49:26,409 [INFO] DbExamples:249 - Set 0 / 0 favorites Examples
2022-10-19 12:49:26,899 [INFO] MultiScanPanel:778 - Auto Refresh Data is not needed
2022-10-19 12:49:58,419 [INFO] MainUpdater:2768 - connection check result : 10
2022-10-19 12:49:58,429 [INFO] MainUpdater:2768 - connection check result : 10
2022-10-19 12:49:58,459 [INFO] MicroXplorer:451 - Change Database Path : 
2022-10-19 12:49:58,459 [INFO] MicroXplorer:481 - Change Database Version : DB.6.0.60
2022-10-19 12:49:58,459 [WARN] ThirdParty:827 - waiting for thirdparty lock release [close project]
2022-10-19 12:49:58,459 [INFO] ThirdParty:829 - entering critical section [close project]
2022-10-19 12:49:58,469 [INFO] ThirdParty:839 - exiting critical section [close project]
2022-10-19 12:49:58,469 [INFO] PinOutPanel:1468 - setPackage(No Configuration,No Configuration)
2022-10-19 12:49:58,475 [INFO] UtilMem:74 - Begin LoadConfig() Used Memory: 532982032 Bytes (587202560)
2022-10-19 12:49:58,479 [INFO] MicroXplorer:451 - Change Database Path : 
2022-10-19 12:49:58,479 [INFO] MicroXplorer:481 - Change Database Version : DB.6.0.60
2022-10-19 12:49:58,479 [INFO] OpenFileManager:307 - Change cursor
2022-10-19 12:49:58,536 [INFO] Mcu:1922 - Initializing MCU STM32F405RGTx STM32F405RGTx STM32F405RGT6
2022-10-19 12:49:59,739 [INFO] Context:654 - Trying to add GPIOservice into a context  which must be forbidden
2022-10-19 12:50:00,094 [WARN] ApiManager:308 - Cannot register API 'Wireless:BlueNRG-MS' from pack STMicroelectronics.X-CUBE-BLE1.6.2.3: no header file found
2022-10-19 12:50:00,114 [INFO] RtosManager:488 - Registered RTOS mode: class=CMSIS, group=RTOS, mode=CMSIS_V1, owner=FREERTOS
2022-10-19 12:50:00,124 [INFO] RtosManager:488 - Registered RTOS mode: class=CMSIS, group=RTOS2, mode=CMSIS_V2, owner=FREERTOS
2022-10-19 12:50:00,129 [INFO] RtosManager:488 - Registered RTOS mode: class=RTOS, group=Core, mode=CMSIS_V1, owner=FREERTOS
2022-10-19 12:50:00,129 [INFO] RtosManager:488 - Registered RTOS mode: class=RTOS, group=Core, mode=CMSIS_V2, owner=FREERTOS
2022-10-19 12:50:00,139 [WARN] ModelIntegratedComponent:185 - Missing modes for component STMicroelectronics:FreeRTOS:0.0.1:STMicroelectronics:RTOS:FreeRTOS:Core:::10.2.0:
2022-10-19 12:50:00,144 [WARN] ModelIntegratedComponent:64 - No mode defined for component null
2022-10-19 12:50:00,149 [WARN] ModelIntegratedComponent:64 - No mode defined for component null
2022-10-19 12:50:00,159 [WARN] ModelIntegratedComponent:64 - No mode defined for component null
2022-10-19 12:50:00,177 [WARN] ModelIntegratedComponent:64 - No mode defined for component null
2022-10-19 12:50:00,177 [WARN] ModelIntegratedComponent:64 - No mode defined for component null
2022-10-19 12:50:00,177 [WARN] ModelIntegratedComponent:64 - No mode defined for component null
2022-10-19 12:50:00,177 [WARN] ModelIntegratedComponent:64 - No mode defined for component null
2022-10-19 12:50:00,177 [WARN] ModelIntegratedComponent:64 - No mode defined for component null
2022-10-19 12:50:00,179 [WARN] ModelIntegratedComponent:64 - No mode defined for component null
2022-10-19 12:50:00,179 [WARN] ModelIntegratedComponent:64 - No mode defined for component null
2022-10-19 12:50:00,179 [WARN] ModelIntegratedComponent:64 - No mode defined for component null
2022-10-19 12:50:00,179 [WARN] ModelIntegratedComponent:64 - No mode defined for component null
2022-10-19 12:50:00,179 [WARN] ModelIntegratedComponent:64 - No mode defined for component null
2022-10-19 12:50:00,179 [WARN] ModelIntegratedComponent:64 - No mode defined for component null
2022-10-19 12:50:00,179 [WARN] ModelIntegratedComponent:64 - No mode defined for component null
2022-10-19 12:50:00,179 [WARN] ModelIntegratedComponent:64 - No mode defined for component null
2022-10-19 12:50:00,179 [WARN] ModelIntegratedComponent:64 - No mode defined for component null
2022-10-19 12:50:00,179 [WARN] ModelIntegratedComponent:64 - No mode defined for component null
2022-10-19 12:50:00,179 [WARN] ModelIntegratedComponent:64 - No mode defined for component null
2022-10-19 12:50:00,179 [WARN] ModelIntegratedComponent:64 - No mode defined for component null
2022-10-19 12:50:00,179 [WARN] ModelIntegratedComponent:64 - No mode defined for component null
2022-10-19 12:50:00,179 [WARN] ModelIntegratedComponent:64 - No mode defined for component null
2022-10-19 12:50:00,179 [WARN] ModelIntegratedComponent:64 - No mode defined for component null
2022-10-19 12:50:00,179 [WARN] ModelIntegratedComponent:64 - No mode defined for component null
2022-10-19 12:50:00,179 [WARN] ModelIntegratedComponent:64 - No mode defined for component null
2022-10-19 12:50:00,179 [WARN] ModelIntegratedComponent:64 - No mode defined for component null
2022-10-19 12:50:00,179 [WARN] ModelIntegratedComponent:64 - No mode defined for component null
2022-10-19 12:50:00,189 [WARN] ModelIntegratedComponent:64 - No mode defined for component null
2022-10-19 12:50:00,189 [WARN] ModelIntegratedComponent:64 - No mode defined for component null
2022-10-19 12:50:00,199 [WARN] ModelIntegratedComponent:64 - No mode defined for component null
2022-10-19 12:50:00,199 [WARN] ModelIntegratedComponent:64 - No mode defined for component null
2022-10-19 12:50:00,199 [WARN] ModelIntegratedComponent:64 - No mode defined for component null
2022-10-19 12:50:00,199 [WARN] ModelIntegratedComponent:64 - No mode defined for component null
2022-10-19 12:50:00,199 [WARN] ApiManager:308 - Cannot register API 'Wireless:BlueNRG-2' from pack STMicroelectronics.X-CUBE-BLE2.3.3.0: no header file found
2022-10-19 12:50:00,199 [INFO] ThirdPartyModel:289 - Start build external matchings
2022-10-19 12:50:00,209 [INFO] ThirdPartyModel:302 - End build external matchings
2022-10-19 12:50:00,419 [INFO] UtilMem:74 - End LoadConfig() Used Memory: 386401864 Bytes (587202560)
2022-10-19 12:50:00,429 [WARN] ThirdParty:789 - waiting for thirdparty lock release [change project]
2022-10-19 12:50:00,429 [INFO] ThirdParty:791 - entering critical section [change project]
2022-10-19 12:50:00,439 [INFO] ThirdParty:981 - CMSIS Pack Vendor :STMicroelectronics ThreadX 1.0.0
2022-10-19 12:50:00,439 [INFO] ThirdParty:981 - CMSIS Pack Vendor :STMicroelectronics X-CUBE-BLE1 6.2.3
2022-10-19 12:50:00,439 [INFO] ThirdParty:981 - CMSIS Pack Vendor :STMicroelectronics USB_HOST 2.0.0
2022-10-19 12:50:00,439 [INFO] ThirdParty:981 - CMSIS Pack Vendor :STMicroelectronics LIBJPEG 8.0.0
2022-10-19 12:50:00,439 [INFO] ThirdParty:981 - CMSIS Pack Vendor :STMicroelectronics FreeRTOS 0.0.1
2022-10-19 12:50:00,439 [INFO] ThirdParty:981 - CMSIS Pack Vendor :STMicroelectronics USB_DEVICE 1.0.0
2022-10-19 12:50:00,439 [INFO] ThirdParty:981 - CMSIS Pack Vendor :STMicroelectronics STM32_WPAN 1.0.0
2022-10-19 12:50:00,439 [INFO] ThirdParty:981 - CMSIS Pack Vendor :STMicroelectronics USB_DEVICE 3.0.0
2022-10-19 12:50:00,439 [INFO] ThirdParty:981 - CMSIS Pack Vendor :STMicroelectronics HAL Drivers 0.0.0
2022-10-19 12:50:00,439 [INFO] ThirdParty:981 - CMSIS Pack Vendor :STMicroelectronics MBEDTLS 2.16.2
2022-10-19 12:50:00,439 [INFO] ThirdParty:981 - CMSIS Pack Vendor :STMicroelectronics ThreadX 0.0.2
2022-10-19 12:50:00,439 [INFO] ThirdParty:981 - CMSIS Pack Vendor :STMicroelectronics lwIP 2.0.3
2022-10-19 12:50:00,449 [INFO] ThirdParty:981 - CMSIS Pack Vendor :STMicroelectronics lwIP 2.1.2
2022-10-19 12:50:00,449 [INFO] ThirdParty:981 - CMSIS Pack Vendor :STMicroelectronics MBEDTLS 2.14.1
2022-10-19 12:50:00,449 [INFO] ThirdParty:981 - CMSIS Pack Vendor :STMicroelectronics X-CUBE-BLE2 3.3.0
2022-10-19 12:50:00,449 [INFO] ThirdParty:981 - CMSIS Pack Vendor :STMicroelectronics USB_HOST 1.0.0
2022-10-19 12:50:00,449 [INFO] ThirdParty:981 - CMSIS Pack Vendor :STMicroelectronics PDM2PCM 3.1.0
2022-10-19 12:50:00,449 [INFO] ThirdParty:981 - CMSIS Pack Vendor :STMicroelectronics X-CUBE-ALS 1.0.1
2022-10-19 12:50:00,449 [INFO] ThirdParty:981 - CMSIS Pack Vendor :STMicroelectronics PDM2PCM 3.2.0
2022-10-19 12:50:00,449 [INFO] ThirdParty:981 - CMSIS Pack Vendor :STMicroelectronics USB_DEVICE 2.0.0
2022-10-19 12:50:00,449 [INFO] ThirdParty:981 - CMSIS Pack Vendor :STMicroelectronics PDM2PCM 3.3.0
2022-10-19 12:50:00,449 [INFO] ThirdParty:797 - exiting critical section [change project]
2022-10-19 12:50:00,689 [INFO] PinOutPanel:1468 - setPackage(No Configuration,No Configuration)
2022-10-19 12:50:00,689 [INFO] PinOutPanel:1468 - setPackage(STM32F405RGTx,LQFP64)
2022-10-19 12:50:00,994 [INFO] UtilMem:74 - Before build in PCC Used Memory: 404872896 Bytes (587202560)
2022-10-19 12:50:01,489 [INFO] UtilMem:74 - After build in PCC Used Memory: 438754592 Bytes (587202560)
2022-10-19 12:50:01,509 [INFO] IPUIPlugin:79 - create IPUIPlugin
2022-10-19 12:50:01,509 [INFO] IPUIPlugin:79 - create IPUIPlugin
2022-10-19 12:50:01,509 [INFO] IPUIPlugin:79 - create IPUIPlugin
2022-10-19 12:50:01,509 [INFO] IPUIPlugin:79 - create IPUIPlugin
2022-10-19 12:50:01,509 [INFO] IPUIPlugin:79 - create IPUIPlugin
2022-10-19 12:50:01,509 [INFO] IPUIPlugin:79 - create IPUIPlugin
2022-10-19 12:50:01,509 [INFO] IPUIPlugin:79 - create IPUIPlugin
2022-10-19 12:50:01,509 [INFO] IPUIPlugin:79 - create IPUIPlugin
2022-10-19 12:50:01,509 [INFO] IPUIPlugin:79 - create IPUIPlugin
2022-10-19 12:50:01,509 [INFO] IPUIPlugin:79 - create IPUIPlugin
2022-10-19 12:50:01,509 [INFO] IPUIPlugin:79 - create IPUIPlugin
2022-10-19 12:50:01,509 [INFO] IPUIPlugin:79 - create IPUIPlugin
2022-10-19 12:50:01,509 [INFO] IPUIPlugin:79 - create IPUIPlugin
2022-10-19 12:50:01,519 [INFO] IPUIPlugin:79 - create IPUIPlugin
2022-10-19 12:50:01,519 [INFO] IPUIPlugin:79 - create IPUIPlugin
2022-10-19 12:50:01,519 [INFO] IPUIPlugin:79 - create IPUIPlugin
2022-10-19 12:50:01,519 [INFO] IPUIPlugin:79 - create IPUIPlugin
2022-10-19 12:50:01,519 [INFO] IPUIPlugin:79 - create IPUIPlugin
2022-10-19 12:50:01,519 [INFO] IPUIPlugin:79 - create IPUIPlugin
2022-10-19 12:50:01,519 [INFO] IPUIPlugin:79 - create IPUIPlugin
2022-10-19 12:50:01,519 [INFO] IPUIPlugin:79 - create IPUIPlugin
2022-10-19 12:50:01,519 [INFO] IPUIPlugin:79 - create IPUIPlugin
2022-10-19 12:50:01,519 [INFO] IPUIPlugin:79 - create IPUIPlugin
2022-10-19 12:50:01,519 [INFO] IPUIPlugin:79 - create IPUIPlugin
2022-10-19 12:50:01,519 [INFO] IPUIPlugin:79 - create IPUIPlugin
2022-10-19 12:50:01,519 [INFO] IPUIPlugin:79 - create IPUIPlugin
2022-10-19 12:50:01,519 [INFO] IPUIPlugin:79 - create IPUIPlugin
2022-10-19 12:50:01,519 [INFO] IPUIPlugin:79 - create IPUIPlugin
2022-10-19 12:50:01,519 [INFO] IPUIPlugin:79 - create IPUIPlugin
2022-10-19 12:50:01,529 [INFO] IPUIPlugin:79 - create IPUIPlugin
2022-10-19 12:50:01,529 [INFO] IPUIPlugin:79 - create IPUIPlugin
2022-10-19 12:50:01,529 [INFO] IPUIPlugin:79 - create IPUIPlugin
2022-10-19 12:50:01,529 [INFO] IPUIPlugin:79 - create IPUIPlugin
2022-10-19 12:50:01,529 [INFO] IPUIPlugin:79 - create IPUIPlugin
2022-10-19 12:50:01,529 [INFO] IPUIPlugin:79 - create IPUIPlugin
2022-10-19 12:50:01,529 [INFO] IPUIPlugin:79 - create IPUIPlugin
2022-10-19 12:50:01,529 [INFO] IPUIPlugin:79 - create IPUIPlugin
2022-10-19 12:50:01,529 [INFO] IPUIPlugin:79 - create IPUIPlugin
2022-10-19 12:50:01,529 [INFO] IPUIPlugin:79 - create IPUIPlugin
2022-10-19 12:50:01,529 [INFO] IPUIPlugin:79 - create IPUIPlugin
2022-10-19 12:50:01,529 [INFO] IPUIPlugin:79 - create IPUIPlugin
2022-10-19 12:50:01,529 [INFO] IPUIPlugin:79 - create IPUIPlugin
2022-10-19 12:50:01,529 [INFO] IPUIPlugin:79 - create IPUIPlugin
2022-10-19 12:50:01,539 [INFO] IPUIPlugin:79 - create IPUIPlugin
2022-10-19 12:50:01,539 [INFO] IPUIPlugin:79 - create IPUIPlugin
2022-10-19 12:50:01,539 [INFO] IPUIPlugin:79 - create IPUIPlugin
2022-10-19 12:50:01,539 [INFO] IPUIPlugin:79 - create IPUIPlugin
2022-10-19 12:50:01,539 [INFO] IPUIPlugin:79 - create IPUIPlugin
2022-10-19 12:50:01,539 [INFO] IPUIPlugin:79 - create IPUIPlugin
2022-10-19 12:50:01,539 [INFO] IPUIPlugin:79 - create IPUIPlugin
2022-10-19 12:50:01,539 [INFO] IPUIPlugin:79 - create IPUIPlugin
2022-10-19 12:50:01,539 [INFO] IPUIPlugin:79 - create IPUIPlugin
2022-10-19 12:50:01,539 [INFO] IPUIPlugin:79 - create IPUIPlugin
2022-10-19 12:50:01,539 [INFO] IPUIPlugin:79 - create IPUIPlugin
2022-10-19 12:50:01,579 [INFO] ApiDbMcu:505 - Load IP Config File for PDM2PCM
2022-10-19 12:50:01,589 [INFO] Can:70 - Can Add PropertyChangeListener com.st.microxplorer.plugins.ip.can.Can@7a88c367
2022-10-19 12:50:01,589 [WARN] IP:2111 - I2C_Coeff_DF not found: check if there is a RefParameter without a condition.
2022-10-19 12:50:01,589 [WARN] IP:2111 - Analog_Filter not found: check if there is a RefParameter without a condition.
2022-10-19 12:50:01,589 [WARN] IP:2111 - I2C_Coeff_DF not found: check if there is a RefParameter without a condition.
2022-10-19 12:50:01,589 [WARN] IP:2111 - Analog_Filter not found: check if there is a RefParameter without a condition.
2022-10-19 12:50:01,749 [INFO] OpenFileManager:327 - Restore cursor
2022-10-19 12:50:01,819 [WARN] IP:2111 - I2C_Coeff_DF not found: check if there is a RefParameter without a condition.
2022-10-19 12:50:01,819 [WARN] IP:2111 - Analog_Filter not found: check if there is a RefParameter without a condition.
2022-10-19 12:50:01,819 [WARN] IP:2111 - I2C_Coeff_DF not found: check if there is a RefParameter without a condition.
2022-10-19 12:50:01,829 [WARN] IP:2111 - Analog_Filter not found: check if there is a RefParameter without a condition.
2022-10-19 12:50:01,829 [WARN] IP:2111 - I2C_Coeff_DF not found: check if there is a RefParameter without a condition.
2022-10-19 12:50:01,829 [WARN] IP:2111 - Analog_Filter not found: check if there is a RefParameter without a condition.
2022-10-19 12:50:01,829 [WARN] IP:2111 - I2C_Coeff_DF not found: check if there is a RefParameter without a condition.
2022-10-19 12:50:01,829 [WARN] IP:2111 - Analog_Filter not found: check if there is a RefParameter without a condition.
2022-10-19 12:50:02,849 [INFO] UtilMem:74 - End SaveConfig() Used Memory: 445957712 Bytes (587202560)
2022-10-19 12:50:05,679 [INFO] ServerAccessManage:474 - Download File stm32cube_fw_f4_v1270.zip
2022-10-19 12:52:30,710 [INFO] AnalyticsPlugin:358 - Accepted License(s) without tracking enabled: [FW.F4.1.27.0]
2022-10-19 12:52:30,710 [INFO] FileExtend:239 - Unzip File : stm32cube_fw_f4_v1270.zip
2022-10-19 12:52:30,710 [INFO] FileExtend:254 - Standard Zip Deflate
2022-10-19 12:53:12,910 [INFO] ServerAccessManage:474 - Download File stm32cube_fw_f4_v1271.zip
2022-10-19 12:53:27,684 [INFO] FileExtend:239 - Unzip File : stm32cube_fw_f4_v1271.zip
2022-10-19 12:53:27,684 [INFO] FileExtend:254 - Standard Zip Deflate
2022-10-19 12:53:28,205 [INFO] LoadServerPackagesThread:190 - End of LoadServerPackages Thread
2022-10-19 12:53:28,369 [INFO] ThirdPartyModel:289 - Start build external matchings
2022-10-19 12:53:28,369 [INFO] ThirdPartyModel:302 - End build external matchings
2022-10-19 12:53:28,374 [INFO] CheckServerUpdateThread:119 - End of CheckServer Thread
2022-10-19 12:53:28,400 [INFO] UtilMem:74 - End SaveConfig() Used Memory: 512417136 Bytes (1073741824)
2022-10-19 12:53:30,972 [INFO] BlockDiagram:2753 - set Specific Code input for plugin: CAN
2022-10-19 12:53:30,980 [INFO] BlockDiagram:2753 - set Specific Code input for plugin: RCC
2022-10-19 12:53:30,980 [INFO] BlockDiagram:2753 - set Specific Code input for plugin: I2C
2022-10-19 12:53:30,980 [INFO] BlockDiagram:2753 - set Specific Code input for plugin: I2C
2022-10-19 12:53:30,980 [INFO] BlockDiagram:2753 - set Specific Code input for plugin: NVIC
2022-10-19 12:53:30,980 [INFO] BlockDiagram:2753 - set Specific Code input for plugin: GPIO
2022-10-19 12:53:31,020 [INFO] CodeGenerator:690 - code generatio: config db path: C:\ST\STM32CubeIDE_1.10.1\STM32CubeIDE\plugins\com.st.stm32cube.common.mx_6.6.1.202207061420\\db\
2022-10-19 12:53:31,050 [WARN] IP:2111 - I2C_Coeff_DF not found: check if there is a RefParameter without a condition.
2022-10-19 12:53:31,050 [WARN] IP:2111 - Analog_Filter not found: check if there is a RefParameter without a condition.
2022-10-19 12:53:31,055 [WARN] IP:2111 - I2C_Coeff_DF not found: check if there is a RefParameter without a condition.
2022-10-19 12:53:31,055 [WARN] IP:2111 - Analog_Filter not found: check if there is a RefParameter without a condition.
2022-10-19 12:53:31,479 [INFO] CodeEngine:245 - oldGeneratedFile, \\FILE\Usersg$\gal65\Home\My Documents\~Masters\masters_STM32_bluepill\cubeideworkspace\test\MXTmpFiles\license.tmp_save
2022-10-19 12:53:31,940 [INFO] CodeEngine:269 - Generated code: \\FILE\Usersg$\gal65\Home\My Documents\~Masters\masters_STM32_bluepill\cubeideworkspace\test\MXTmpFiles\license.tmp
2022-10-19 12:53:32,272 [INFO] CodeEngine:245 - oldGeneratedFile, \\FILE\Usersg$\gal65\Home\My Documents\~Masters\masters_STM32_bluepill\cubeideworkspace\test\MXTmpFiles\gpio.tmp_save
2022-10-19 12:53:32,610 [INFO] CodeEngine:269 - Generated code: \\FILE\Usersg$\gal65\Home\My Documents\~Masters\masters_STM32_bluepill\cubeideworkspace\test\MXTmpFiles\gpio.tmp
2022-10-19 12:53:32,930 [INFO] CodeEngine:245 - oldGeneratedFile, \\FILE\Usersg$\gal65\Home\My Documents\~Masters\masters_STM32_bluepill\cubeideworkspace\test\Core\Src\stm32f4xx_it.c_save
2022-10-19 12:53:33,373 [INFO] CodeEngine:269 - Generated code: \\FILE\Usersg$\gal65\Home\My Documents\~Masters\masters_STM32_bluepill\cubeideworkspace\test\Core\Src\stm32f4xx_it.c
2022-10-19 12:53:33,460 [INFO] CodeEngine:245 - oldGeneratedFile, \\FILE\Usersg$\gal65\Home\My Documents\~Masters\masters_STM32_bluepill\cubeideworkspace\test\Core\Inc\stm32f4xx_it.h_save
2022-10-19 12:53:33,850 [INFO] CodeEngine:269 - Generated code: \\FILE\Usersg$\gal65\Home\My Documents\~Masters\masters_STM32_bluepill\cubeideworkspace\test\Core\Inc\stm32f4xx_it.h
2022-10-19 12:53:34,120 [INFO] CodeEngine:245 - oldGeneratedFile, \\FILE\Usersg$\gal65\Home\My Documents\~Masters\masters_STM32_bluepill\cubeideworkspace\test\Core\Src\stm32f4xx_hal_msp.c_save
2022-10-19 12:53:34,520 [INFO] CodeEngine:269 - Generated code: \\FILE\Usersg$\gal65\Home\My Documents\~Masters\masters_STM32_bluepill\cubeideworkspace\test\Core\Src\stm32f4xx_hal_msp.c
2022-10-19 12:53:34,610 [INFO] CodeEngine:245 - oldGeneratedFile, \\FILE\Usersg$\gal65\Home\My Documents\~Masters\masters_STM32_bluepill\cubeideworkspace\test\MXTmpFiles\system.tmp_save
2022-10-19 12:53:34,845 [INFO] CodeEngine:269 - Generated code: \\FILE\Usersg$\gal65\Home\My Documents\~Masters\masters_STM32_bluepill\cubeideworkspace\test\MXTmpFiles\system.tmp
2022-10-19 12:53:35,075 [INFO] CodeEngine:245 - oldGeneratedFile, \\FILE\Usersg$\gal65\Home\My Documents\~Masters\masters_STM32_bluepill\cubeideworkspace\test\Core\Inc\stm32f4xx_hal_conf.h_save
2022-10-19 12:53:35,415 [INFO] CodeEngine:269 - Generated code: \\FILE\Usersg$\gal65\Home\My Documents\~Masters\masters_STM32_bluepill\cubeideworkspace\test\Core\Inc\stm32f4xx_hal_conf.h
2022-10-19 12:53:35,815 [INFO] CodeEngine:245 - oldGeneratedFile, \\FILE\Usersg$\gal65\Home\My Documents\~Masters\masters_STM32_bluepill\cubeideworkspace\test\Core\Inc\main.h_save
2022-10-19 12:53:36,170 [INFO] CodeEngine:269 - Generated code: \\FILE\Usersg$\gal65\Home\My Documents\~Masters\masters_STM32_bluepill\cubeideworkspace\test\Core\Inc\main.h
2022-10-19 12:53:36,280 [INFO] CodeEngine:245 - oldGeneratedFile, \\FILE\Usersg$\gal65\Home\My Documents\~Masters\masters_STM32_bluepill\cubeideworkspace\test\Core\Src\main.c_save
2022-10-19 12:53:36,680 [INFO] CodeEngine:269 - Generated code: \\FILE\Usersg$\gal65\Home\My Documents\~Masters\masters_STM32_bluepill\cubeideworkspace\test\Core\Src\main.c
2022-10-19 12:53:39,460 [INFO] ProjectBuilder:2919 - Time for Copy HAL[1] : 2180mS.
2022-10-19 12:53:39,550 [INFO] ProjectBuilder:4117 - Project Generator version: 3.17.1
2022-10-19 12:53:39,730 [INFO] ConfigFileManager:1394 - The Die is : DIE413
2022-10-19 12:53:39,740 [INFO] ApiDbMcu:505 - Load IP Config File for FATFS
2022-10-19 12:53:39,750 [INFO] ApiDbMcu:505 - Load IP Config File for FREERTOS
2022-10-19 12:53:39,750 [INFO] ApiDbMcu:505 - Load IP Config File for LIBJPEG
2022-10-19 12:53:39,760 [INFO] ApiDbMcu:505 - Load IP Config File for MBEDTLS
2022-10-19 12:53:39,780 [INFO] ApiDbMcu:505 - Load IP Config File for USB_DEVICE
2022-10-19 12:53:39,780 [INFO] ApiDbMcu:505 - Load IP Config File for USB_HOST
2022-10-19 12:53:54,700 [INFO] ProjectBuilder:4285 - Time for Generating toolchain IDE Files: 15150mS.
2022-10-19 12:53:54,725 [INFO] ProjectBuilder:2790 - Time for Copy CMSIS : 20mS.
2022-10-19 12:53:54,820 [INFO] ProjectBuilder:2790 - Time for Copy CMSIS : 10mS.
2022-10-19 12:53:55,780 [INFO] McuFinderGlobals:57 - Set McuFinderConnectedMode to true
2022-10-19 12:53:55,780 [INFO] ApiDb:443 - Save user favorites file C:\Users\gal65/.stm32cubeide/favorites.mcus.txt: 0 item(s)
2022-10-19 12:53:55,780 [INFO] ApiDb:447 - User favorites MCUs=[]
2022-10-19 13:10:20,253 [WARN] IP:2111 - I2C_Coeff_DF not found: check if there is a RefParameter without a condition.
2022-10-19 13:10:20,253 [WARN] IP:2111 - Analog_Filter not found: check if there is a RefParameter without a condition.
2022-10-19 13:10:20,253 [WARN] IP:2111 - I2C_Coeff_DF not found: check if there is a RefParameter without a condition.
2022-10-19 13:10:20,253 [WARN] IP:2111 - Analog_Filter not found: check if there is a RefParameter without a condition.
2022-10-19 13:10:20,253 [WARN] IP:2111 - I2C_Coeff_DF not found: check if there is a RefParameter without a condition.
2022-10-19 13:10:20,262 [WARN] IP:2111 - Analog_Filter not found: check if there is a RefParameter without a condition.
2022-10-19 13:10:20,262 [WARN] IP:2111 - I2C_Coeff_DF not found: check if there is a RefParameter without a condition.
2022-10-19 13:10:20,262 [WARN] IP:2111 - Analog_Filter not found: check if there is a RefParameter without a condition.
2022-10-19 13:10:20,277 [WARN] IP:2111 - I2C_Coeff_DF not found: check if there is a RefParameter without a condition.
2022-10-19 13:10:20,277 [WARN] IP:2111 - Analog_Filter not found: check if there is a RefParameter without a condition.
2022-10-19 13:10:20,277 [WARN] IP:2111 - I2C_Coeff_DF not found: check if there is a RefParameter without a condition.
2022-10-19 13:10:20,277 [WARN] IP:2111 - Analog_Filter not found: check if there is a RefParameter without a condition.
2022-10-19 13:10:20,293 [WARN] IP:2111 - I2C_Coeff_DF not found: check if there is a RefParameter without a condition.
2022-10-19 13:10:20,293 [WARN] IP:2111 - Analog_Filter not found: check if there is a RefParameter without a condition.
2022-10-19 13:10:20,293 [WARN] IP:2111 - I2C_Coeff_DF not found: check if there is a RefParameter without a condition.
2022-10-19 13:10:20,293 [WARN] IP:2111 - Analog_Filter not found: check if there is a RefParameter without a condition.
2022-10-19 13:13:05,783 [INFO] UtilMem:74 - End SaveConfig() Used Memory: 398453312 Bytes (1073741824)
2022-10-19 13:16:26,693 [INFO] Gpio:272 - dependency for GPIO [CAN1, I2C1, I2C2]
2022-10-19 13:54:41,464 [ERROR] LogOutputStream:74 - [STDERR_REDIRECT] 
